c:\dev\iplug2\projects\sputter\build-win\vst3\x64\debug\int\fdynlib.obj
c:\dev\iplug2\projects\sputter\build-win\vst3\x64\debug\int\fcondition.obj
c:\dev\iplug2\projects\sputter\build-win\vst3\x64\debug\int\funknown.obj
c:\dev\iplug2\projects\sputter\build-win\vst3\x64\debug\int\vstcomponent.obj
c:\dev\iplug2\projects\sputter\build-win\vst3\x64\debug\int\ipopupmenucontrol.obj
c:\dev\iplug2\projects\sputter\build-win\vst3\x64\debug\int\igraphics.obj
c:\dev\iplug2\projects\sputter\build-win\vst3\x64\debug\int\iplugprocessor.obj
c:\dev\iplug2\projects\sputter\build-win\vst3\x64\debug\int\sputter.obj
c:\dev\iplug2\projects\sputter\build-win\vst3\x64\debug\int\fbuffer.obj
c:\dev\iplug2\projects\sputter\build-win\vst3\x64\debug\int\fstreamer.obj
c:\dev\iplug2\projects\sputter\build-win\vst3\x64\debug\int\fstring.obj
c:\dev\iplug2\projects\sputter\build-win\vst3\x64\debug\int\flock.obj
c:\dev\iplug2\projects\sputter\build-win\vst3\x64\debug\int\vstbus.obj
c:\dev\iplug2\projects\sputter\build-win\vst3\x64\debug\int\vstcomponentbase.obj
c:\dev\iplug2\projects\sputter\build-win\vst3\x64\debug\int\vstparameters.obj
c:\dev\iplug2\projects\sputter\build-win\vst3\x64\debug\int\itextentrycontrol.obj
c:\dev\iplug2\projects\sputter\build-win\vst3\x64\debug\int\iplugapibase.obj
c:\dev\iplug2\projects\sputter\build-win\vst3\x64\debug\int\iplugparameter.obj
c:\dev\iplug2\projects\sputter\build-win\vst3\x64\debug\int\iplugpaths.obj
c:\dev\iplug2\projects\sputter\build-win\vst3\x64\debug\int\iplugvst3.obj
c:\dev\iplug2\projects\sputter\build-win\vst3\x64\debug\int\baseiids.obj
c:\dev\iplug2\projects\sputter\build-win\vst3\x64\debug\int\fobject.obj
c:\dev\iplug2\projects\sputter\build-win\vst3\x64\debug\int\timer.obj
c:\dev\iplug2\projects\sputter\build-win\vst3\x64\debug\int\conststringtable.obj
c:\dev\iplug2\projects\sputter\build-win\vst3\x64\debug\int\pluginview.obj
c:\dev\iplug2\projects\sputter\build-win\vst3\x64\debug\int\dllmain.obj
c:\dev\iplug2\projects\sputter\build-win\vst3\x64\debug\int\icontrols.obj
c:\dev\iplug2\projects\sputter\build-win\vst3\x64\debug\int\igraphicswin.obj
c:\dev\iplug2\projects\sputter\build-win\vst3\x64\debug\int\iplugtimer.obj
c:\dev\iplug2\projects\sputter\build-win\vst3\x64\debug\int\fdebug.obj
c:\dev\iplug2\projects\sputter\build-win\vst3\x64\debug\int\updatehandler.obj
c:\dev\iplug2\projects\sputter\build-win\vst3\x64\debug\int\coreiids.obj
c:\dev\iplug2\projects\sputter\build-win\vst3\x64\debug\int\ustring.obj
c:\dev\iplug2\projects\sputter\build-win\vst3\x64\debug\int\memorystream.obj
c:\dev\iplug2\projects\sputter\build-win\vst3\x64\debug\int\commoniids.obj
c:\dev\iplug2\projects\sputter\build-win\vst3\x64\debug\int\pluginfactory.obj
c:\dev\iplug2\projects\sputter\build-win\vst3\x64\debug\int\vstaudioeffect.obj
c:\dev\iplug2\projects\sputter\build-win\vst3\x64\debug\int\vstinitiids.obj
c:\dev\iplug2\projects\sputter\build-win\vst3\x64\debug\int\vstsinglecomponenteffect.obj
c:\dev\iplug2\projects\sputter\build-win\vst3\x64\debug\int\icontrol.obj
c:\dev\iplug2\projects\sputter\build-win\vst3\x64\debug\int\igraphicseditordelegate.obj
c:\dev\iplug2\projects\sputter\build-win\vst3\x64\debug\int\iplugpluginbase.obj
c:\dev\iplug2\projects\sputter\build-win\vst3\x64\debug\int\iplugvst3_processorbase.obj
c:\dev\iplug2\projects\sputter\build-win\vst3\x64\debug\int\vc142.pdb
c:\dev\iplug2\projects\sputter\build-win\vst3\x64\debug\int\vc142.idb
c:\dev\iplug2\projects\sputter\build-win\vst3\x64\debug\sputter.vst3
c:\dev\iplug2\projects\sputter\build-win\vst3\x64\debug\sputter.ilk
c:\dev\iplug2\projects\sputter\build-win\pdbs\sputter-vst3_x64.pdb
c:\dev\iplug2\projects\sputter\build-win\vst3\x64\debug\int\main.res
c:\dev\iplug2\projects\sputter\build-win\vst3\x64\debug\int\sputter.lib
c:\dev\iplug2\projects\sputter\build-win\vst3\x64\debug\int\sputter.exp
c:\dev\iplug2\projects\sputter\build-win\vst3\x64\debug\int\sputter-vst3.tlog\cl.command.1.tlog
c:\dev\iplug2\projects\sputter\build-win\vst3\x64\debug\int\sputter-vst3.tlog\cl.read.1.tlog
c:\dev\iplug2\projects\sputter\build-win\vst3\x64\debug\int\sputter-vst3.tlog\cl.write.1.tlog
c:\dev\iplug2\projects\sputter\build-win\vst3\x64\debug\int\sputter-vst3.tlog\link.command.1.tlog
c:\dev\iplug2\projects\sputter\build-win\vst3\x64\debug\int\sputter-vst3.tlog\link.read.1.tlog
c:\dev\iplug2\projects\sputter\build-win\vst3\x64\debug\int\sputter-vst3.tlog\link.write.1.tlog
c:\dev\iplug2\projects\sputter\build-win\vst3\x64\debug\int\sputter-vst3.tlog\rc.command.1.tlog
c:\dev\iplug2\projects\sputter\build-win\vst3\x64\debug\int\sputter-vst3.tlog\rc.read.1.tlog
c:\dev\iplug2\projects\sputter\build-win\vst3\x64\debug\int\sputter-vst3.tlog\rc.write.1.tlog
c:\dev\iplug2\projects\sputter\build-win\vst3\x64\debug\int\sputter-vst3.tlog\sputter-vst3.write.1u.tlog
